
*** Running vivado
    with args -log top.vds -m64 -product Vivado -mode batch -messageDb vivado.pb -notrace -source top.tcl



****** Vivado v2022.1 (64-bit)
  **** SW Build 3526262 on Mon Apr 18 15:48:16 MDT 2022
  **** IP Build 3524634 on Mon Apr 18 20:55:01 MDT 2022
    ** Copyright 1986-2022 Xilinx, Inc. All Rights Reserved.

source top.tcl -notrace
Command: read_checkpoint -auto_incremental -incremental C:/Users/Cristian/Downloads/Lab_5_solutions/Lab_5/Lab_5.srcs/utils_1/imports/synth_1/top.dcp
INFO: [Vivado 12-5825] Read reference checkpoint from C:/Users/Cristian/Downloads/Lab_5_solutions/Lab_5/Lab_5.srcs/utils_1/imports/synth_1/top.dcp for incremental synthesis
INFO: [Vivado 12-7989] Please ensure there are no constraint changes
Command: synth_design -top top -part xc7z010clg400-1
Starting synth_design
INFO: [IP_Flow 19-2162] IP 'clk_wiz_0' is locked:
* This IP has board specific outputs. Current project board 'unset' and the board 'digilentinc.com:zybo-z7-10:part0:1.2' used to customize the IP 'clk_wiz_0' do not match.
Attempting to get a license for feature 'Synthesis' and/or device 'xc7z010'
INFO: [Common 17-349] Got license for feature 'Synthesis' and/or device 'xc7z010'
INFO: [Device 21-403] Loading part xc7z010clg400-1
INFO: [Designutils 20-5440] No compile time benefit to using incremental synthesis; A full resynthesis will be run
INFO: [Designutils 20-4379] Flow is switching to default flow due to incremental criteria not met. If you would like to alter this behaviour and have the flow terminate instead, please set the following parameter config_implementation {autoIncr.Synth.RejectBehavior Terminate}
INFO: [Synth 8-7079] Multithreading enabled for synth_design using a maximum of 2 processes.
INFO: [Synth 8-7078] Launching helper process for spawning children vivado processes
INFO: [Synth 8-7075] Helper process launched with PID 7112
---------------------------------------------------------------------------------
Starting RTL Elaboration : Time (s): cpu = 00:00:03 ; elapsed = 00:00:06 . Memory (MB): peak = 1637.609 ; gain = 0.000
---------------------------------------------------------------------------------
INFO: [Synth 8-638] synthesizing module 'top' [C:/Users/Cristian/ECE524/FPGA-ASIC-Design/Lab6/Lab6.srcs/sources_1/new/top.vhd:44]
INFO: [Synth 8-3491] module 'system_controller' declared at 'C:/Users/Cristian/ECE524/FPGA-ASIC-Design/Lab6/Lab6.srcs/sources_1/new/system_controller.vhd:35' bound to instance 'sys_con' of component 'system_controller' [C:/Users/Cristian/ECE524/FPGA-ASIC-Design/Lab6/Lab6.srcs/sources_1/new/top.vhd:134]
INFO: [Synth 8-638] synthesizing module 'system_controller' [C:/Users/Cristian/ECE524/FPGA-ASIC-Design/Lab6/Lab6.srcs/sources_1/new/system_controller.vhd:46]
	Parameter RESET_COUNT bound to: 32 - type: integer 
INFO: [Synth 8-3491] module 'clk_wiz_0' declared at 'C:/Users/Cristian/ECE524/FPGA-ASIC-Design/Lab6/Lab6.runs/synth_1/.Xil/Vivado-13000-BOOK-22PN8T4506/realtime/clk_wiz_0_stub.vhdl:5' bound to instance 'clk_wizard' of component 'clk_wiz_0' [C:/Users/Cristian/ECE524/FPGA-ASIC-Design/Lab6/Lab6.srcs/sources_1/new/system_controller.vhd:83]
INFO: [Synth 8-638] synthesizing module 'clk_wiz_0' [C:/Users/Cristian/ECE524/FPGA-ASIC-Design/Lab6/Lab6.runs/synth_1/.Xil/Vivado-13000-BOOK-22PN8T4506/realtime/clk_wiz_0_stub.vhdl:15]
INFO: [Synth 8-256] done synthesizing module 'system_controller' (0#1) [C:/Users/Cristian/ECE524/FPGA-ASIC-Design/Lab6/Lab6.srcs/sources_1/new/system_controller.vhd:46]
	Parameter WIDTH bound to: 4 - type: integer 
INFO: [Synth 8-3491] module 'gpio' declared at 'C:/Users/Cristian/ECE524/FPGA-ASIC-Design/Lab6/Lab6.srcs/sources_1/new/gpio.vhd:24' bound to instance 'LEDS' of component 'gpio' [C:/Users/Cristian/ECE524/FPGA-ASIC-Design/Lab6/Lab6.srcs/sources_1/new/top.vhd:148]
INFO: [Synth 8-638] synthesizing module 'gpio' [C:/Users/Cristian/ECE524/FPGA-ASIC-Design/Lab6/Lab6.srcs/sources_1/new/gpio.vhd:35]
	Parameter WIDTH bound to: 4 - type: integer 
INFO: [Synth 8-3491] module 'gpio_bit' declared at 'C:/Users/Cristian/ECE524/FPGA-ASIC-Design/Lab6/Lab6.srcs/sources_1/new/gpio_bit.vhd:25' bound to instance 'generated_bit' of component 'gpio_bit' [C:/Users/Cristian/ECE524/FPGA-ASIC-Design/Lab6/Lab6.srcs/sources_1/new/gpio.vhd:50]
INFO: [Synth 8-638] synthesizing module 'gpio_bit' [C:/Users/Cristian/ECE524/FPGA-ASIC-Design/Lab6/Lab6.srcs/sources_1/new/gpio_bit.vhd:35]
INFO: [Synth 8-256] done synthesizing module 'gpio_bit' (0#1) [C:/Users/Cristian/ECE524/FPGA-ASIC-Design/Lab6/Lab6.srcs/sources_1/new/gpio_bit.vhd:35]
INFO: [Synth 8-3491] module 'gpio_bit' declared at 'C:/Users/Cristian/ECE524/FPGA-ASIC-Design/Lab6/Lab6.srcs/sources_1/new/gpio_bit.vhd:25' bound to instance 'generated_bit' of component 'gpio_bit' [C:/Users/Cristian/ECE524/FPGA-ASIC-Design/Lab6/Lab6.srcs/sources_1/new/gpio.vhd:50]
INFO: [Synth 8-3491] module 'gpio_bit' declared at 'C:/Users/Cristian/ECE524/FPGA-ASIC-Design/Lab6/Lab6.srcs/sources_1/new/gpio_bit.vhd:25' bound to instance 'generated_bit' of component 'gpio_bit' [C:/Users/Cristian/ECE524/FPGA-ASIC-Design/Lab6/Lab6.srcs/sources_1/new/gpio.vhd:50]
INFO: [Synth 8-3491] module 'gpio_bit' declared at 'C:/Users/Cristian/ECE524/FPGA-ASIC-Design/Lab6/Lab6.srcs/sources_1/new/gpio_bit.vhd:25' bound to instance 'generated_bit' of component 'gpio_bit' [C:/Users/Cristian/ECE524/FPGA-ASIC-Design/Lab6/Lab6.srcs/sources_1/new/gpio.vhd:50]
INFO: [Synth 8-256] done synthesizing module 'gpio' (0#1) [C:/Users/Cristian/ECE524/FPGA-ASIC-Design/Lab6/Lab6.srcs/sources_1/new/gpio.vhd:35]
	Parameter WIDTH bound to: 4 - type: integer 
INFO: [Synth 8-3491] module 'gpio' declared at 'C:/Users/Cristian/ECE524/FPGA-ASIC-Design/Lab6/Lab6.srcs/sources_1/new/gpio.vhd:24' bound to instance 'SWITCHES' of component 'gpio' [C:/Users/Cristian/ECE524/FPGA-ASIC-Design/Lab6/Lab6.srcs/sources_1/new/top.vhd:162]
INFO: [Synth 8-3491] module 'seven_segments' declared at 'C:/Users/Cristian/ECE524/FPGA-ASIC-Design/Lab6/Lab6.srcs/sources_1/new/seven_segments.vhd:25' bound to instance 'display' of component 'seven_segments' [C:/Users/Cristian/ECE524/FPGA-ASIC-Design/Lab6/Lab6.srcs/sources_1/new/top.vhd:176]
INFO: [Synth 8-638] synthesizing module 'seven_segments' [C:/Users/Cristian/ECE524/FPGA-ASIC-Design/Lab6/Lab6.srcs/sources_1/new/seven_segments.vhd:37]
	Parameter TERMINAL_COUNT bound to: 1250000 - type: integer 
INFO: [Synth 8-3491] module 'timer' declared at 'C:/Users/Cristian/ECE524/FPGA-ASIC-Design/Lab6/Lab6.srcs/sources_1/new/timer.vhd:26' bound to instance 'update_timer' of component 'timer' [C:/Users/Cristian/ECE524/FPGA-ASIC-Design/Lab6/Lab6.srcs/sources_1/new/seven_segments.vhd:60]
INFO: [Synth 8-638] synthesizing module 'timer' [C:/Users/Cristian/ECE524/FPGA-ASIC-Design/Lab6/Lab6.srcs/sources_1/new/timer.vhd:34]
	Parameter TERMINAL_COUNT bound to: 1250000 - type: integer 
INFO: [Synth 8-256] done synthesizing module 'timer' (0#1) [C:/Users/Cristian/ECE524/FPGA-ASIC-Design/Lab6/Lab6.srcs/sources_1/new/timer.vhd:34]
	Parameter TERMINAL_COUNT bound to: 125000000 - type: integer 
INFO: [Synth 8-3491] module 'timer' declared at 'C:/Users/Cristian/ECE524/FPGA-ASIC-Design/Lab6/Lab6.srcs/sources_1/new/timer.vhd:26' bound to instance 'one_second_timer' of component 'timer' [C:/Users/Cristian/ECE524/FPGA-ASIC-Design/Lab6/Lab6.srcs/sources_1/new/seven_segments.vhd:72]
INFO: [Synth 8-638] synthesizing module 'timer__parameterized1' [C:/Users/Cristian/ECE524/FPGA-ASIC-Design/Lab6/Lab6.srcs/sources_1/new/timer.vhd:34]
	Parameter TERMINAL_COUNT bound to: 125000000 - type: integer 
INFO: [Synth 8-256] done synthesizing module 'timer__parameterized1' (0#1) [C:/Users/Cristian/ECE524/FPGA-ASIC-Design/Lab6/Lab6.srcs/sources_1/new/timer.vhd:34]
INFO: [Synth 8-256] done synthesizing module 'seven_segments' (0#1) [C:/Users/Cristian/ECE524/FPGA-ASIC-Design/Lab6/Lab6.srcs/sources_1/new/seven_segments.vhd:37]
INFO: [Synth 8-3491] module 'UART' declared at 'C:/Users/Cristian/ECE524/FPGA-ASIC-Design/Lab6/Lab6.srcs/sources_1/new/uart.vhd:29' bound to instance 'uart_inst' of component 'UART' [C:/Users/Cristian/ECE524/FPGA-ASIC-Design/Lab6/Lab6.srcs/sources_1/new/top.vhd:191]
INFO: [Synth 8-638] synthesizing module 'UART' [C:/Users/Cristian/ECE524/FPGA-ASIC-Design/Lab6/Lab6.srcs/sources_1/new/uart.vhd:46]
INFO: [Synth 8-3491] module 'UART_tx' declared at 'C:/Users/Cristian/ECE524/FPGA-ASIC-Design/Lab6/Lab6.srcs/sources_1/new/uart_tx.vhd:27' bound to instance 'transmitter' of component 'UART_tx' [C:/Users/Cristian/ECE524/FPGA-ASIC-Design/Lab6/Lab6.srcs/sources_1/new/uart.vhd:71]
INFO: [Synth 8-638] synthesizing module 'UART_tx' [C:/Users/Cristian/ECE524/FPGA-ASIC-Design/Lab6/Lab6.srcs/sources_1/new/uart_tx.vhd:42]
INFO: [Synth 8-226] default block is never used [C:/Users/Cristian/ECE524/FPGA-ASIC-Design/Lab6/Lab6.srcs/sources_1/new/uart_tx.vhd:140]
INFO: [Synth 8-256] done synthesizing module 'UART_tx' (0#1) [C:/Users/Cristian/ECE524/FPGA-ASIC-Design/Lab6/Lab6.srcs/sources_1/new/uart_tx.vhd:42]
INFO: [Synth 8-3491] module 'UART_rx' declared at 'C:/Users/Cristian/ECE524/FPGA-ASIC-Design/Lab6/Lab6.srcs/sources_1/new/uart_rx.vhd:29' bound to instance 'receiver' of component 'UART_rx' [C:/Users/Cristian/ECE524/FPGA-ASIC-Design/Lab6/Lab6.srcs/sources_1/new/uart.vhd:81]
INFO: [Synth 8-638] synthesizing module 'UART_rx' [C:/Users/Cristian/ECE524/FPGA-ASIC-Design/Lab6/Lab6.srcs/sources_1/new/uart_rx.vhd:44]
INFO: [Synth 8-226] default block is never used [C:/Users/Cristian/ECE524/FPGA-ASIC-Design/Lab6/Lab6.srcs/sources_1/new/uart_rx.vhd:99]
INFO: [Synth 8-256] done synthesizing module 'UART_rx' (0#1) [C:/Users/Cristian/ECE524/FPGA-ASIC-Design/Lab6/Lab6.srcs/sources_1/new/uart_rx.vhd:44]
INFO: [Synth 8-256] done synthesizing module 'UART' (0#1) [C:/Users/Cristian/ECE524/FPGA-ASIC-Design/Lab6/Lab6.srcs/sources_1/new/uart.vhd:46]
	Parameter clk_freq bound to: 125000000 - type: integer 
	Parameter stable_time bound to: 10 - type: integer 
INFO: [Synth 8-3491] module 'pmod_keypad' declared at 'C:/Users/Cristian/ECE524/FPGA-ASIC-Design/Lab6/Lab6.srcs/sources_1/new/pmod_keypad.vhd:26' bound to instance 'keypad_inst' of component 'pmod_keypad' [C:/Users/Cristian/ECE524/FPGA-ASIC-Design/Lab6/Lab6.srcs/sources_1/new/top.vhd:208]
INFO: [Synth 8-638] synthesizing module 'pmod_keypad' [C:/Users/Cristian/ECE524/FPGA-ASIC-Design/Lab6/Lab6.srcs/sources_1/new/pmod_keypad.vhd:38]
	Parameter clk_freq bound to: 125000000 - type: integer 
	Parameter stable_time bound to: 10 - type: integer 
	Parameter clk_freq bound to: 125000000 - type: integer 
	Parameter stable_time bound to: 10 - type: integer 
INFO: [Synth 8-3491] module 'debounce' declared at 'C:/Users/Cristian/ECE524/FPGA-ASIC-Design/Lab6/Lab6.srcs/sources_1/new/debounce.vhd:29' bound to instance 'debounce_keys' of component 'debounce' [C:/Users/Cristian/ECE524/FPGA-ASIC-Design/Lab6/Lab6.srcs/sources_1/new/pmod_keypad.vhd:263]
INFO: [Synth 8-638] synthesizing module 'debounce' [C:/Users/Cristian/ECE524/FPGA-ASIC-Design/Lab6/Lab6.srcs/sources_1/new/debounce.vhd:40]
	Parameter clk_freq bound to: 125000000 - type: integer 
	Parameter stable_time bound to: 10 - type: integer 
INFO: [Synth 8-256] done synthesizing module 'debounce' (0#1) [C:/Users/Cristian/ECE524/FPGA-ASIC-Design/Lab6/Lab6.srcs/sources_1/new/debounce.vhd:40]
	Parameter clk_freq bound to: 125000000 - type: integer 
	Parameter stable_time bound to: 10 - type: integer 
INFO: [Synth 8-3491] module 'debounce' declared at 'C:/Users/Cristian/ECE524/FPGA-ASIC-Design/Lab6/Lab6.srcs/sources_1/new/debounce.vhd:29' bound to instance 'debounce_keys' of component 'debounce' [C:/Users/Cristian/ECE524/FPGA-ASIC-Design/Lab6/Lab6.srcs/sources_1/new/pmod_keypad.vhd:263]
	Parameter clk_freq bound to: 125000000 - type: integer 
	Parameter stable_time bound to: 10 - type: integer 
INFO: [Synth 8-3491] module 'debounce' declared at 'C:/Users/Cristian/ECE524/FPGA-ASIC-Design/Lab6/Lab6.srcs/sources_1/new/debounce.vhd:29' bound to instance 'debounce_keys' of component 'debounce' [C:/Users/Cristian/ECE524/FPGA-ASIC-Design/Lab6/Lab6.srcs/sources_1/new/pmod_keypad.vhd:263]
	Parameter clk_freq bound to: 125000000 - type: integer 
	Parameter stable_time bound to: 10 - type: integer 
INFO: [Synth 8-3491] module 'debounce' declared at 'C:/Users/Cristian/ECE524/FPGA-ASIC-Design/Lab6/Lab6.srcs/sources_1/new/debounce.vhd:29' bound to instance 'debounce_keys' of component 'debounce' [C:/Users/Cristian/ECE524/FPGA-ASIC-Design/Lab6/Lab6.srcs/sources_1/new/pmod_keypad.vhd:263]
	Parameter clk_freq bound to: 125000000 - type: integer 
	Parameter stable_time bound to: 10 - type: integer 
INFO: [Synth 8-3491] module 'debounce' declared at 'C:/Users/Cristian/ECE524/FPGA-ASIC-Design/Lab6/Lab6.srcs/sources_1/new/debounce.vhd:29' bound to instance 'debounce_keys' of component 'debounce' [C:/Users/Cristian/ECE524/FPGA-ASIC-Design/Lab6/Lab6.srcs/sources_1/new/pmod_keypad.vhd:263]
	Parameter clk_freq bound to: 125000000 - type: integer 
	Parameter stable_time bound to: 10 - type: integer 
INFO: [Synth 8-3491] module 'debounce' declared at 'C:/Users/Cristian/ECE524/FPGA-ASIC-Design/Lab6/Lab6.srcs/sources_1/new/debounce.vhd:29' bound to instance 'debounce_keys' of component 'debounce' [C:/Users/Cristian/ECE524/FPGA-ASIC-Design/Lab6/Lab6.srcs/sources_1/new/pmod_keypad.vhd:263]
	Parameter clk_freq bound to: 125000000 - type: integer 
	Parameter stable_time bound to: 10 - type: integer 
INFO: [Synth 8-3491] module 'debounce' declared at 'C:/Users/Cristian/ECE524/FPGA-ASIC-Design/Lab6/Lab6.srcs/sources_1/new/debounce.vhd:29' bound to instance 'debounce_keys' of component 'debounce' [C:/Users/Cristian/ECE524/FPGA-ASIC-Design/Lab6/Lab6.srcs/sources_1/new/pmod_keypad.vhd:263]
	Parameter clk_freq bound to: 125000000 - type: integer 
	Parameter stable_time bound to: 10 - type: integer 
INFO: [Synth 8-3491] module 'debounce' declared at 'C:/Users/Cristian/ECE524/FPGA-ASIC-Design/Lab6/Lab6.srcs/sources_1/new/debounce.vhd:29' bound to instance 'debounce_keys' of component 'debounce' [C:/Users/Cristian/ECE524/FPGA-ASIC-Design/Lab6/Lab6.srcs/sources_1/new/pmod_keypad.vhd:263]
	Parameter clk_freq bound to: 125000000 - type: integer 
	Parameter stable_time bound to: 10 - type: integer 
INFO: [Synth 8-3491] module 'debounce' declared at 'C:/Users/Cristian/ECE524/FPGA-ASIC-Design/Lab6/Lab6.srcs/sources_1/new/debounce.vhd:29' bound to instance 'debounce_keys' of component 'debounce' [C:/Users/Cristian/ECE524/FPGA-ASIC-Design/Lab6/Lab6.srcs/sources_1/new/pmod_keypad.vhd:263]
	Parameter clk_freq bound to: 125000000 - type: integer 
	Parameter stable_time bound to: 10 - type: integer 
INFO: [Synth 8-3491] module 'debounce' declared at 'C:/Users/Cristian/ECE524/FPGA-ASIC-Design/Lab6/Lab6.srcs/sources_1/new/debounce.vhd:29' bound to instance 'debounce_keys' of component 'debounce' [C:/Users/Cristian/ECE524/FPGA-ASIC-Design/Lab6/Lab6.srcs/sources_1/new/pmod_keypad.vhd:263]
	Parameter clk_freq bound to: 125000000 - type: integer 
	Parameter stable_time bound to: 10 - type: integer 
INFO: [Synth 8-3491] module 'debounce' declared at 'C:/Users/Cristian/ECE524/FPGA-ASIC-Design/Lab6/Lab6.srcs/sources_1/new/debounce.vhd:29' bound to instance 'debounce_keys' of component 'debounce' [C:/Users/Cristian/ECE524/FPGA-ASIC-Design/Lab6/Lab6.srcs/sources_1/new/pmod_keypad.vhd:263]
	Parameter clk_freq bound to: 125000000 - type: integer 
	Parameter stable_time bound to: 10 - type: integer 
INFO: [Synth 8-3491] module 'debounce' declared at 'C:/Users/Cristian/ECE524/FPGA-ASIC-Design/Lab6/Lab6.srcs/sources_1/new/debounce.vhd:29' bound to instance 'debounce_keys' of component 'debounce' [C:/Users/Cristian/ECE524/FPGA-ASIC-Design/Lab6/Lab6.srcs/sources_1/new/pmod_keypad.vhd:263]
	Parameter clk_freq bound to: 125000000 - type: integer 
	Parameter stable_time bound to: 10 - type: integer 
INFO: [Synth 8-3491] module 'debounce' declared at 'C:/Users/Cristian/ECE524/FPGA-ASIC-Design/Lab6/Lab6.srcs/sources_1/new/debounce.vhd:29' bound to instance 'debounce_keys' of component 'debounce' [C:/Users/Cristian/ECE524/FPGA-ASIC-Design/Lab6/Lab6.srcs/sources_1/new/pmod_keypad.vhd:263]
	Parameter clk_freq bound to: 125000000 - type: integer 
	Parameter stable_time bound to: 10 - type: integer 
INFO: [Synth 8-3491] module 'debounce' declared at 'C:/Users/Cristian/ECE524/FPGA-ASIC-Design/Lab6/Lab6.srcs/sources_1/new/debounce.vhd:29' bound to instance 'debounce_keys' of component 'debounce' [C:/Users/Cristian/ECE524/FPGA-ASIC-Design/Lab6/Lab6.srcs/sources_1/new/pmod_keypad.vhd:263]
	Parameter clk_freq bound to: 125000000 - type: integer 
	Parameter stable_time bound to: 10 - type: integer 
INFO: [Synth 8-3491] module 'debounce' declared at 'C:/Users/Cristian/ECE524/FPGA-ASIC-Design/Lab6/Lab6.srcs/sources_1/new/debounce.vhd:29' bound to instance 'debounce_keys' of component 'debounce' [C:/Users/Cristian/ECE524/FPGA-ASIC-Design/Lab6/Lab6.srcs/sources_1/new/pmod_keypad.vhd:263]
	Parameter clk_freq bound to: 125000000 - type: integer 
	Parameter stable_time bound to: 10 - type: integer 
INFO: [Synth 8-3491] module 'debounce' declared at 'C:/Users/Cristian/ECE524/FPGA-ASIC-Design/Lab6/Lab6.srcs/sources_1/new/debounce.vhd:29' bound to instance 'debounce_keys' of component 'debounce' [C:/Users/Cristian/ECE524/FPGA-ASIC-Design/Lab6/Lab6.srcs/sources_1/new/pmod_keypad.vhd:263]
INFO: [Synth 8-256] done synthesizing module 'pmod_keypad' (0#1) [C:/Users/Cristian/ECE524/FPGA-ASIC-Design/Lab6/Lab6.srcs/sources_1/new/pmod_keypad.vhd:38]
INFO: [Synth 8-256] done synthesizing module 'top' (0#1) [C:/Users/Cristian/ECE524/FPGA-ASIC-Design/Lab6/Lab6.srcs/sources_1/new/top.vhd:44]
---------------------------------------------------------------------------------
Finished RTL Elaboration : Time (s): cpu = 00:00:04 ; elapsed = 00:00:08 . Memory (MB): peak = 1637.609 ; gain = 0.000
---------------------------------------------------------------------------------
---------------------------------------------------------------------------------
Start Handling Custom Attributes
---------------------------------------------------------------------------------
---------------------------------------------------------------------------------
Finished Handling Custom Attributes : Time (s): cpu = 00:00:04 ; elapsed = 00:00:09 . Memory (MB): peak = 1637.609 ; gain = 0.000
---------------------------------------------------------------------------------
---------------------------------------------------------------------------------
Finished RTL Optimization Phase 1 : Time (s): cpu = 00:00:04 ; elapsed = 00:00:09 . Memory (MB): peak = 1637.609 ; gain = 0.000
---------------------------------------------------------------------------------
Netlist sorting complete. Time (s): cpu = 00:00:00 ; elapsed = 00:00:00.021 . Memory (MB): peak = 1637.609 ; gain = 0.000
INFO: [Project 1-570] Preparing netlist for logic optimization

Processing XDC Constraints
Initializing timing engine
Parsing XDC File [c:/Users/Cristian/ECE524/FPGA-ASIC-Design/Lab6/Lab6.gen/sources_1/ip/clk_wiz_0/clk_wiz_0/clk_wiz_0_in_context.xdc] for cell 'sys_con/clk_wizard'
Finished Parsing XDC File [c:/Users/Cristian/ECE524/FPGA-ASIC-Design/Lab6/Lab6.gen/sources_1/ip/clk_wiz_0/clk_wiz_0/clk_wiz_0_in_context.xdc] for cell 'sys_con/clk_wizard'
Parsing XDC File [C:/Users/Cristian/ECE524/FPGA-ASIC-Design/Lab6/Lab6.srcs/constrs_1/new/zybo.xdc]
Finished Parsing XDC File [C:/Users/Cristian/ECE524/FPGA-ASIC-Design/Lab6/Lab6.srcs/constrs_1/new/zybo.xdc]
INFO: [Project 1-236] Implementation specific constraints were found while reading constraint file [C:/Users/Cristian/ECE524/FPGA-ASIC-Design/Lab6/Lab6.srcs/constrs_1/new/zybo.xdc]. These constraints will be ignored for synthesis but will be used in implementation. Impacted constraints are listed in the file [.Xil/top_propImpl.xdc].
Resolution: To avoid this warning, move constraints listed in [.Xil/top_propImpl.xdc] to another XDC file and exclude this new file from synthesis with the used_in_synthesis property (File Properties dialog in GUI) and re-run elaboration/synthesis.
Completed Processing XDC Constraints

Netlist sorting complete. Time (s): cpu = 00:00:00 ; elapsed = 00:00:00.001 . Memory (MB): peak = 1687.668 ; gain = 0.000
INFO: [Project 1-111] Unisim Transformation Summary:
No Unisim elements were transformed.

Constraint Validation Runtime : Time (s): cpu = 00:00:00 ; elapsed = 00:00:00.011 . Memory (MB): peak = 1687.668 ; gain = 0.000
INFO: [Designutils 20-5440] No compile time benefit to using incremental synthesis; A full resynthesis will be run
INFO: [Designutils 20-4379] Flow is switching to default flow due to incremental criteria not met. If you would like to alter this behaviour and have the flow terminate instead, please set the following parameter config_implementation {autoIncr.Synth.RejectBehavior Terminate}
---------------------------------------------------------------------------------
Finished Constraint Validation : Time (s): cpu = 00:00:06 ; elapsed = 00:00:18 . Memory (MB): peak = 1687.668 ; gain = 50.059
---------------------------------------------------------------------------------
---------------------------------------------------------------------------------
Start Loading Part and Timing Information
---------------------------------------------------------------------------------
Loading part: xc7z010clg400-1
---------------------------------------------------------------------------------
Finished Loading Part and Timing Information : Time (s): cpu = 00:00:06 ; elapsed = 00:00:18 . Memory (MB): peak = 1687.668 ; gain = 50.059
---------------------------------------------------------------------------------
---------------------------------------------------------------------------------
Start Applying 'set_property' XDC Constraints
---------------------------------------------------------------------------------
Applied set_property IO_BUFFER_TYPE = NONE for XCLK. (constraint file  c:/Users/Cristian/ECE524/FPGA-ASIC-Design/Lab6/Lab6.gen/sources_1/ip/clk_wiz_0/clk_wiz_0/clk_wiz_0_in_context.xdc, line 3).
Applied set_property CLOCK_BUFFER_TYPE = NONE for XCLK. (constraint file  c:/Users/Cristian/ECE524/FPGA-ASIC-Design/Lab6/Lab6.gen/sources_1/ip/clk_wiz_0/clk_wiz_0/clk_wiz_0_in_context.xdc, line 4).
Applied set_property KEEP_HIERARCHY = SOFT for sys_con/clk_wizard. (constraint file  auto generated constraint).
---------------------------------------------------------------------------------
Finished applying 'set_property' XDC Constraints : Time (s): cpu = 00:00:06 ; elapsed = 00:00:18 . Memory (MB): peak = 1687.668 ; gain = 50.059
---------------------------------------------------------------------------------
INFO: [Synth 8-802] inferred FSM for state register 'tx_state_reg' in module 'UART_tx'
INFO: [Synth 8-802] inferred FSM for state register 'rx_state_reg' in module 'UART_rx'
INFO: [Synth 8-802] inferred FSM for state register 'columns_reg' in module 'pmod_keypad'
WARNING: [Synth 8-327] inferring latch for variable 'segment1_map_reg' [C:/Users/Cristian/ECE524/FPGA-ASIC-Design/Lab6/Lab6.srcs/sources_1/new/seven_segments.vhd:145]
WARNING: [Synth 8-327] inferring latch for variable 'segment0_map_reg' [C:/Users/Cristian/ECE524/FPGA-ASIC-Design/Lab6/Lab6.srcs/sources_1/new/seven_segments.vhd:133]
---------------------------------------------------------------------------------------------------
                   State |                     New Encoding |                Previous Encoding 
---------------------------------------------------------------------------------------------------
                    idle |                             0001 |                               00
                   start |                             0010 |                               01
                    data |                             0100 |                               10
                    stop |                             1000 |                               11
---------------------------------------------------------------------------------------------------
INFO: [Synth 8-3354] encoded FSM with state register 'tx_state_reg' using encoding 'one-hot' in module 'UART_tx'
---------------------------------------------------------------------------------------------------
                   State |                     New Encoding |                Previous Encoding 
---------------------------------------------------------------------------------------------------
                    idle |                               00 |                               00
                   start |                               01 |                               01
                    data |                               10 |                               10
                    stop |                               11 |                               11
---------------------------------------------------------------------------------------------------
INFO: [Synth 8-3354] encoded FSM with state register 'rx_state_reg' using encoding 'sequential' in module 'UART_rx'
---------------------------------------------------------------------------------------------------
                   State |                     New Encoding |                Previous Encoding 
---------------------------------------------------------------------------------------------------
                 iSTATE7 |                      00000000001 |                             1111
                 iSTATE5 |                      00000000010 |                             0111
                 iSTATE2 |                      00000000100 |                             1011
                 iSTATE0 |                      00000001000 |                             1101
                 iSTATE8 |                      00000010000 |                             1110
                  iSTATE |                      00000100000 |                             0011
                 iSTATE9 |                      00001000000 |                             0101
                 iSTATE6 |                      00010000000 |                             0110
                 iSTATE4 |                      00100000000 |                             1001
                 iSTATE3 |                      01000000000 |                             1010
                 iSTATE1 |                      10000000000 |                             1100
---------------------------------------------------------------------------------------------------
INFO: [Synth 8-3354] encoded FSM with state register 'columns_reg' using encoding 'one-hot' in module 'pmod_keypad'
---------------------------------------------------------------------------------
Finished RTL Optimization Phase 2 : Time (s): cpu = 00:00:06 ; elapsed = 00:00:19 . Memory (MB): peak = 1687.668 ; gain = 50.059
---------------------------------------------------------------------------------
---------------------------------------------------------------------------------
Start RTL Component Statistics 
---------------------------------------------------------------------------------
Detailed RTL Component Info : 
+---Adders : 
	   2 Input   32 Bit       Adders := 2     
	   2 Input   11 Bit       Adders := 1     
	   2 Input    7 Bit       Adders := 1     
	   2 Input    6 Bit       Adders := 1     
	  16 Input    5 Bit       Adders := 1     
	   2 Input    4 Bit       Adders := 3     
	   2 Input    3 Bit       Adders := 2     
+---XORs : 
	   2 Input      1 Bit         XORs := 17    
+---Registers : 
	               32 Bit    Registers := 1     
	               16 Bit    Registers := 3     
	               11 Bit    Registers := 1     
	                8 Bit    Registers := 3     
	                7 Bit    Registers := 4     
	                6 Bit    Registers := 1     
	                4 Bit    Registers := 4     
	                3 Bit    Registers := 2     
	                2 Bit    Registers := 16    
	                1 Bit    Registers := 27    
+---Muxes : 
	   2 Input   16 Bit        Muxes := 27    
	  11 Input   16 Bit        Muxes := 4     
	   2 Input   15 Bit        Muxes := 2     
	   2 Input   14 Bit        Muxes := 1     
	   2 Input   13 Bit        Muxes := 1     
	   2 Input   11 Bit        Muxes := 1     
	   2 Input    8 Bit        Muxes := 2     
	   4 Input    8 Bit        Muxes := 2     
	   2 Input    7 Bit        Muxes := 7     
	   4 Input    7 Bit        Muxes := 1     
	  10 Input    7 Bit        Muxes := 2     
	   6 Input    7 Bit        Muxes := 2     
	   3 Input    7 Bit        Muxes := 1     
	  15 Input    7 Bit        Muxes := 1     
	   2 Input    4 Bit        Muxes := 2     
	   4 Input    4 Bit        Muxes := 1     
	  11 Input    4 Bit        Muxes := 1     
	   4 Input    3 Bit        Muxes := 1     
	   4 Input    2 Bit        Muxes := 1     
	   2 Input    2 Bit        Muxes := 2     
	   2 Input    1 Bit        Muxes := 10    
	   4 Input    1 Bit        Muxes := 10    
	   3 Input    1 Bit        Muxes := 1     
	  16 Input    1 Bit        Muxes := 1     
	  17 Input    1 Bit        Muxes := 1     
---------------------------------------------------------------------------------
Finished RTL Component Statistics 
---------------------------------------------------------------------------------
---------------------------------------------------------------------------------
Start Part Resource Summary
---------------------------------------------------------------------------------
Part Resources:
DSPs: 80 (col length:40)
BRAMs: 120 (col length: RAMB18 40 RAMB36 20)
---------------------------------------------------------------------------------
Finished Part Resource Summary
---------------------------------------------------------------------------------
---------------------------------------------------------------------------------
Start Cross Boundary and Area Optimization
---------------------------------------------------------------------------------
WARNING: [Synth 8-7080] Parallel synthesis criteria is not met
WARNING: [Synth 8-3332] Sequential element (uart_inst/receiver/FSM_sequential_rx_state_reg[1]) is unused and will be removed from module top.
WARNING: [Synth 8-3332] Sequential element (uart_inst/receiver/FSM_sequential_rx_state_reg[0]) is unused and will be removed from module top.
---------------------------------------------------------------------------------
Finished Cross Boundary and Area Optimization : Time (s): cpu = 00:00:10 ; elapsed = 00:00:24 . Memory (MB): peak = 1687.668 ; gain = 50.059
---------------------------------------------------------------------------------
---------------------------------------------------------------------------------
Start Applying XDC Timing Constraints
---------------------------------------------------------------------------------
---------------------------------------------------------------------------------
Finished Applying XDC Timing Constraints : Time (s): cpu = 00:00:16 ; elapsed = 00:00:31 . Memory (MB): peak = 1687.668 ; gain = 50.059
---------------------------------------------------------------------------------
---------------------------------------------------------------------------------
Start Timing Optimization
---------------------------------------------------------------------------------
---------------------------------------------------------------------------------
Finished Timing Optimization : Time (s): cpu = 00:00:18 ; elapsed = 00:00:34 . Memory (MB): peak = 1695.773 ; gain = 58.164
---------------------------------------------------------------------------------
---------------------------------------------------------------------------------
Start Technology Mapping
---------------------------------------------------------------------------------
---------------------------------------------------------------------------------
Finished Technology Mapping : Time (s): cpu = 00:00:18 ; elapsed = 00:00:34 . Memory (MB): peak = 1695.773 ; gain = 58.164
---------------------------------------------------------------------------------
---------------------------------------------------------------------------------
Start IO Insertion
---------------------------------------------------------------------------------
---------------------------------------------------------------------------------
Start Flattening Before IO Insertion
---------------------------------------------------------------------------------
---------------------------------------------------------------------------------
Finished Flattening Before IO Insertion
---------------------------------------------------------------------------------
---------------------------------------------------------------------------------
Start Final Netlist Cleanup
---------------------------------------------------------------------------------
---------------------------------------------------------------------------------
Finished Final Netlist Cleanup
---------------------------------------------------------------------------------
---------------------------------------------------------------------------------
Finished IO Insertion : Time (s): cpu = 00:00:23 ; elapsed = 00:00:39 . Memory (MB): peak = 1695.773 ; gain = 58.164
---------------------------------------------------------------------------------
---------------------------------------------------------------------------------
Start Renaming Generated Instances
---------------------------------------------------------------------------------
---------------------------------------------------------------------------------
Finished Renaming Generated Instances : Time (s): cpu = 00:00:23 ; elapsed = 00:00:39 . Memory (MB): peak = 1695.773 ; gain = 58.164
---------------------------------------------------------------------------------
---------------------------------------------------------------------------------
Start Rebuilding User Hierarchy
---------------------------------------------------------------------------------
---------------------------------------------------------------------------------
Finished Rebuilding User Hierarchy : Time (s): cpu = 00:00:23 ; elapsed = 00:00:39 . Memory (MB): peak = 1695.773 ; gain = 58.164
---------------------------------------------------------------------------------
---------------------------------------------------------------------------------
Start Renaming Generated Ports
---------------------------------------------------------------------------------
---------------------------------------------------------------------------------
Finished Renaming Generated Ports : Time (s): cpu = 00:00:23 ; elapsed = 00:00:39 . Memory (MB): peak = 1695.773 ; gain = 58.164
---------------------------------------------------------------------------------
---------------------------------------------------------------------------------
Start Handling Custom Attributes
---------------------------------------------------------------------------------
---------------------------------------------------------------------------------
Finished Handling Custom Attributes : Time (s): cpu = 00:00:23 ; elapsed = 00:00:39 . Memory (MB): peak = 1695.773 ; gain = 58.164
---------------------------------------------------------------------------------
---------------------------------------------------------------------------------
Start Renaming Generated Nets
---------------------------------------------------------------------------------
---------------------------------------------------------------------------------
Finished Renaming Generated Nets : Time (s): cpu = 00:00:23 ; elapsed = 00:00:39 . Memory (MB): peak = 1695.773 ; gain = 58.164
---------------------------------------------------------------------------------
---------------------------------------------------------------------------------
Start Writing Synthesis Report
---------------------------------------------------------------------------------

Report BlackBoxes: 
+------+--------------+----------+
|      |BlackBox name |Instances |
+------+--------------+----------+
|1     |clk_wiz_0     |         1|
+------+--------------+----------+

Report Cell Usage: 
+------+---------------+------+
|      |Cell           |Count |
+------+---------------+------+
|1     |clk_wiz_0_bbox |     1|
|2     |CARRY4         |   128|
|3     |LUT1           |    30|
|4     |LUT2           |    61|
|5     |LUT3           |    57|
|6     |LUT4           |    77|
|7     |LUT5           |    59|
|8     |LUT6           |    94|
|9     |FDCE           |    90|
|10    |FDPE           |    33|
|11    |FDRE           |   464|
|12    |FDSE           |     9|
|13    |LDC            |     2|
|14    |LDP            |    12|
|15    |IBUF           |     9|
|16    |OBUF           |    14|
|17    |OBUFT          |     4|
+------+---------------+------+
---------------------------------------------------------------------------------
Finished Writing Synthesis Report : Time (s): cpu = 00:00:23 ; elapsed = 00:00:39 . Memory (MB): peak = 1695.773 ; gain = 58.164
---------------------------------------------------------------------------------
Synthesis finished with 0 errors, 0 critical warnings and 5 warnings.
Synthesis Optimization Runtime : Time (s): cpu = 00:00:19 ; elapsed = 00:00:37 . Memory (MB): peak = 1695.773 ; gain = 8.105
Synthesis Optimization Complete : Time (s): cpu = 00:00:23 ; elapsed = 00:00:40 . Memory (MB): peak = 1695.773 ; gain = 58.164
INFO: [Project 1-571] Translating synthesized netlist
Netlist sorting complete. Time (s): cpu = 00:00:00 ; elapsed = 00:00:00.014 . Memory (MB): peak = 1707.285 ; gain = 0.000
INFO: [Netlist 29-17] Analyzing 142 Unisim elements for replacement
INFO: [Netlist 29-28] Unisim Transformation completed in 0 CPU seconds
INFO: [Project 1-570] Preparing netlist for logic optimization
INFO: [Opt 31-140] Inserted 1 IBUFs to IO ports without IO buffers.
INFO: [Opt 31-138] Pushed 0 inverter(s) to 0 load pin(s).
Netlist sorting complete. Time (s): cpu = 00:00:00 ; elapsed = 00:00:00 . Memory (MB): peak = 1710.922 ; gain = 0.000
INFO: [Project 1-111] Unisim Transformation Summary:
  A total of 14 instances were transformed.
  LDC => LDCE: 2 instances
  LDP => LDPE: 12 instances

Synth Design complete, checksum: ef0daec3
INFO: [Common 17-83] Releasing license: Synthesis
87 Infos, 5 Warnings, 0 Critical Warnings and 0 Errors encountered.
synth_design completed successfully
synth_design: Time (s): cpu = 00:00:24 ; elapsed = 00:00:47 . Memory (MB): peak = 1710.922 ; gain = 73.312
INFO: [Common 17-1381] The checkpoint 'C:/Users/Cristian/ECE524/FPGA-ASIC-Design/Lab6/Lab6.runs/synth_1/top.dcp' has been generated.
INFO: [runtcl-4] Executing : report_utilization -file top_utilization_synth.rpt -pb top_utilization_synth.pb
INFO: [Common 17-206] Exiting Vivado at Sat Nov  4 22:46:25 2023...
