Copyright 1986-2022 Xilinx, Inc. All Rights Reserved.
-------------------------------------------------------------------------------------------
| Tool Version : Vivado v.2022.1 (win64) Build 3526262 Mon Apr 18 15:48:16 MDT 2022
| Date         : Mon Dec 18 20:09:16 2023
| Host         : BOOK-22PN8T4506 running 64-bit major release  (build 9200)
| Command      : report_control_sets -verbose -file simon_game_top_control_sets_placed.rpt
| Design       : simon_game_top
| Device       : xc7z010
-------------------------------------------------------------------------------------------

Control Set Information

Table of Contents
-----------------
1. Summary
2. Histogram
3. Flip-Flop Distribution
4. Detailed Control Set Information

1. Summary
----------

+----------------------------------------------------------+-------+
|                          Status                          | Count |
+----------------------------------------------------------+-------+
| Total control sets                                       |    47 |
|    Minimum number of control sets                        |    47 |
|    Addition due to synthesis replication                 |     0 |
|    Addition due to physical synthesis replication        |     0 |
| Unused register locations in slices containing registers |   179 |
+----------------------------------------------------------+-------+
* Control sets can be merged at opt_design using control_set_merge or merge_equivalent_drivers
** Run report_qor_suggestions for automated merging and remapping suggestions


2. Histogram
------------

+--------------------+-------+
|       Fanout       | Count |
+--------------------+-------+
| Total control sets |    47 |
| >= 0 to < 4        |     6 |
| >= 4 to < 6        |    34 |
| >= 6 to < 8        |     0 |
| >= 8 to < 10       |     0 |
| >= 10 to < 12      |     0 |
| >= 12 to < 14      |     1 |
| >= 14 to < 16      |     0 |
| >= 16              |     6 |
+--------------------+-------+
* Control sets can be remapped at either synth_design or opt_design


3. Flip-Flop Distribution
-------------------------

+--------------+-----------------------+------------------------+-----------------+--------------+
| Clock Enable | Synchronous Set/Reset | Asynchronous Set/Reset | Total Registers | Total Slices |
+--------------+-----------------------+------------------------+-----------------+--------------+
| No           | No                    | No                     |               2 |            2 |
| No           | No                    | Yes                    |             103 |           31 |
| No           | Yes                   | No                     |              13 |            4 |
| Yes          | No                    | No                     |               0 |            0 |
| Yes          | No                    | Yes                    |             271 |           92 |
| Yes          | Yes                   | No                     |              32 |            6 |
+--------------+-----------------------+------------------------+-----------------+--------------+


4. Detailed Control Set Information
-----------------------------------

+----------------+-----------------------------------------------------+-----------------------+------------------+----------------+--------------+
|  Clock Signal  |                    Enable Signal                    |    Set/Reset Signal   | Slice Load Count | Bel Load Count | Bels / Slice |
+----------------+-----------------------------------------------------+-----------------------+------------------+----------------+--------------+
|  clk_IBUF_BUFG | debounce_inst_0/sig0                                | sw_IBUF               |                1 |              1 |         1.00 |
|  clk_IBUF_BUFG | debounce_inst_2/sig_i_1__1_n_0                      | sw_IBUF               |                1 |              1 |         1.00 |
|  clk_IBUF_BUFG | debounce_inst_3/sig_i_1__2_n_0                      | sw_IBUF               |                1 |              1 |         1.00 |
|  clk_IBUF_BUFG | debounce_inst_1/sig_i_1__0_n_0                      | sw_IBUF               |                1 |              1 |         1.00 |
|  clk_IBUF_BUFG |                                                     |                       |                2 |              2 |         1.00 |
|  clk_IBUF_BUFG | rgb_reg[2]_i_1_n_0                                  | sw_IBUF               |                3 |              3 |         1.00 |
|  clk_IBUF_BUFG | main_array_reg[14][3]_i_1_n_0                       | sw_IBUF               |                1 |              4 |         4.00 |
|  clk_IBUF_BUFG | pulse_inst_3/mem_index_reg[2]_0[0]                  | sw_IBUF               |                1 |              4 |         4.00 |
|  clk_IBUF_BUFG | pulse_inst_3/mem_index_reg[3]_0[0]                  | sw_IBUF               |                1 |              4 |         4.00 |
|  clk_IBUF_BUFG | pulse_inst_3/mem_index_reg[3]_3[0]                  | sw_IBUF               |                1 |              4 |         4.00 |
|  clk_IBUF_BUFG | pulse_inst_3/mem_index_reg[3]_2[0]                  | sw_IBUF               |                1 |              4 |         4.00 |
|  clk_IBUF_BUFG | pulse_inst_3/mem_index_reg[3]_5[0]                  | sw_IBUF               |                1 |              4 |         4.00 |
|  clk_IBUF_BUFG | pulse_inst_3/mem_index_reg[3]_6[0]                  | sw_IBUF               |                1 |              4 |         4.00 |
|  clk_IBUF_BUFG | pulse_inst_3/mem_index_reg[1]_0[0]                  | sw_IBUF               |                2 |              4 |         2.00 |
|  clk_IBUF_BUFG | pulse_inst_3/mem_index_reg[2]_1[0]                  | sw_IBUF               |                1 |              4 |         4.00 |
|  clk_IBUF_BUFG | pulse_inst_3/mem_index_reg[3]_1[0]                  | sw_IBUF               |                1 |              4 |         4.00 |
|  clk_IBUF_BUFG | pulse_inst_3/mem_index_reg[3]_4[0]                  | sw_IBUF               |                1 |              4 |         4.00 |
|  clk_IBUF_BUFG | pulse_inst_3/E[0]                                   | sw_IBUF               |                2 |              4 |         2.00 |
|  clk_IBUF_BUFG | pulse_inst_3/mem_index_reg[2]_2[0]                  | sw_IBUF               |                2 |              4 |         2.00 |
|  clk_IBUF_BUFG | pulse_inst_3/mem_index_reg[2][0]                    | sw_IBUF               |                1 |              4 |         4.00 |
|  clk_IBUF_BUFG | pulse_inst_3/mem_index_reg[3][0]                    | sw_IBUF               |                1 |              4 |         4.00 |
|  clk_IBUF_BUFG | pulse_inst_3/mem_index_reg[1][0]                    | sw_IBUF               |                1 |              4 |         4.00 |
|  clk_IBUF_BUFG | pulse_inst_3/mem_index_reg[3]_7[0]                  | sw_IBUF               |                2 |              4 |         2.00 |
|  clk_IBUF_BUFG | pulse_inst_3/FSM_sequential_current_state_reg[2][0] | sw_IBUF               |                2 |              4 |         2.00 |
|  clk_IBUF_BUFG | main_array_reg[8][3]_i_1_n_0                        | sw_IBUF               |                1 |              4 |         4.00 |
|  clk_IBUF_BUFG | main_array_reg[1][3]_i_1_n_0                        | sw_IBUF               |                1 |              4 |         4.00 |
|  clk_IBUF_BUFG | main_array_reg[7][3]_i_1_n_0                        | sw_IBUF               |                1 |              4 |         4.00 |
|  clk_IBUF_BUFG | main_array_reg[15][3]_i_1_n_0                       | sw_IBUF               |                2 |              4 |         2.00 |
|  clk_IBUF_BUFG | main_array_reg[4][3]_i_1_n_0                        | sw_IBUF               |                2 |              4 |         2.00 |
|  clk_IBUF_BUFG | main_array_reg[9][3]_i_1_n_0                        | sw_IBUF               |                1 |              4 |         4.00 |
|  clk_IBUF_BUFG | main_array_reg[2][3]_i_1_n_0                        | sw_IBUF               |                1 |              4 |         4.00 |
|  clk_IBUF_BUFG | main_array_reg[3][3]_i_1_n_0                        | sw_IBUF               |                1 |              4 |         4.00 |
|  clk_IBUF_BUFG | main_array_reg[10][3]_i_1_n_0                       | sw_IBUF               |                1 |              4 |         4.00 |
|  clk_IBUF_BUFG | main_array_reg[6][3]_i_1_n_0                        | sw_IBUF               |                1 |              4 |         4.00 |
|  clk_IBUF_BUFG | main_array_reg[11][3]_i_1_n_0                       | sw_IBUF               |                1 |              4 |         4.00 |
|  clk_IBUF_BUFG | main_array_reg[13][3]_i_1_n_0                       | sw_IBUF               |                1 |              4 |         4.00 |
|  clk_IBUF_BUFG | main_array_reg[0][3]_i_1_n_0                        | sw_IBUF               |                2 |              4 |         2.00 |
|  clk_IBUF_BUFG | main_array_reg[12][3]_i_1_n_0                       | sw_IBUF               |                1 |              4 |         4.00 |
|  clk_IBUF_BUFG | main_array_reg[5][3]_i_1_n_0                        | sw_IBUF               |                1 |              4 |         4.00 |
|  clk_IBUF_BUFG | r_data_reg[3]_i_1_n_0                               | sw_IBUF               |                2 |              4 |         2.00 |
|  clk_IBUF_BUFG |                                                     | SSDcounter[0]_i_1_n_0 |                4 |             13 |         3.25 |
|  clk_IBUF_BUFG | pulse_inst_3/FSM_sequential_current_state_reg[0][0] | sw_IBUF               |               12 |             32 |         2.67 |
|  clk_IBUF_BUFG | currSeg2[0]_i_1_n_0                                 | sw_IBUF               |                8 |             32 |         4.00 |
|  clk_IBUF_BUFG | disp_counter[31]_i_1_n_0                            | sw_IBUF               |               14 |             32 |         2.29 |
|  clk_IBUF_BUFG | state                                               | segInput[31]_i_1_n_0  |                6 |             32 |         5.33 |
|  clk_IBUF_BUFG | level[0]_i_1_n_0                                    | sw_IBUF               |                8 |             32 |         4.00 |
|  clk_IBUF_BUFG |                                                     | sw_IBUF               |               31 |            103 |         3.32 |
+----------------+-----------------------------------------------------+-----------------------+------------------+----------------+--------------+


